<?xml version="1.0" encoding="UTF-8"?>
<!-- Generated by org.testng.reporters.JUnitReportReporter -->
<testsuite hostname="luminar003" failures="0" tests="1" name="test.Test" time="1.766" errors="0" timestamp="2022-11-22T05:20:52 IST" skipped="0">
  <testcase classname="test.Test" name="facebook" time="1.766"/>
  <system-out/>
</testsuite> <!-- test.Test -->
